# JRE version: OpenJDK Runtime Environment (22.0.2+9) (build 22.0.2+9-70)
# Java VM: OpenJDK 64-Bit Server VM (22.0.2+9-70, mixed mode, sharing, tiered, compressed oops, compressed class ptrs, g1 gc, windows-amd64)
GC Precious Log:
 CardTable entry size: 512
 Card Set container configuration: InlinePtr #cards 4 size 8 Array Of Cards #cards 32 size 80 Howl #buckets 8 coarsen threshold 7372 Howl Bitmap #cards 1024 size 144 coarsen threshold 921 Card regions per heap region 1 cards per card region 8192
 CPUs: 16 total, 16 available
 Memory: 32452M
 Large Page Support: Disabled
 NUMA Support: Disabled
 Compressed Oops: Enabled (Zero based)
 Heap Region Size: 4M
 Heap Min Capacity: 8M
 Heap Initial Capacity: 508M
 Heap Max Capacity: 8116M
 Pre-touch: Disabled
 Parallel Workers: 13
 Concurrent Workers: 3
 Concurrent Refinement Workers: 13
 Periodic GC: Disabled
Heap:
 garbage-first heap   total reserved 8310784K, committed 57344K, used 35918K [0x0000000604c00000, 0x0000000800000000)
  region size 4096K, 3 young (12288K), 1 survivors (4096K)
 Metaspace       used 30498K, committed 30912K, reserved 1114112K
  class space    used 4356K, committed 4544K, reserved 1048576K
GC Heap History (14 events):
Event: 1.898 GC heap before
{Heap before GC invocations=0 (full 0):
 garbage-first heap   total reserved 8310784K, committed 520192K, used 20480K [0x0000000604c00000, 0x0000000800000000)
  region size 4096K, 6 young (24576K), 0 survivors (0K)
 Metaspace       used 4054K, committed 4288K, reserved 1114112K
  class space    used 417K, committed 512K, reserved 1048576K
}
Event: 1.901 GC heap after
{Heap after GC invocations=1 (full 0):
 garbage-first heap   total reserved 8310784K, committed 520192K, used 2840K [0x0000000604c00000, 0x0000000800000000)
  region size 4096K, 1 young (4096K), 1 survivors (4096K)
 Metaspace       used 4054K, committed 4288K, reserved 1114112K
  class space    used 417K, committed 512K, reserved 1048576K
}
Event: 5.601 GC heap before
{Heap before GC invocations=1 (full 0):
 garbage-first heap   total reserved 8310784K, committed 520192K, used 47896K [0x0000000604c00000, 0x0000000800000000)
  region size 4096K, 13 young (53248K), 1 survivors (4096K)
 Metaspace       used 18622K, committed 19008K, reserved 1114112K
  class space    used 2316K, committed 2496K, reserved 1048576K
}
Event: 5.607 GC heap after
{Heap after GC invocations=2 (full 0):
 garbage-first heap   total reserved 8310784K, committed 520192K, used 10215K [0x0000000604c00000, 0x0000000800000000)
  region size 4096K, 2 young (8192K), 2 survivors (8192K)
 Metaspace       used 18622K, committed 19008K, reserved 1114112K
  class space    used 2316K, committed 2496K, reserved 1048576K
}
Event: 5.881 GC heap before
{Heap before GC invocations=2 (full 0):
 garbage-first heap   total reserved 8310784K, committed 520192K, used 30695K [0x0000000604c00000, 0x0000000800000000)
  region size 4096K, 8 young (32768K), 2 survivors (8192K)
 Metaspace       used 21147K, committed 21504K, reserved 1114112K
  class space    used 2804K, committed 3008K, reserved 1048576K
}
Event: 5.884 GC heap after
{Heap after GC invocations=3 (full 0):
 garbage-first heap   total reserved 8310784K, committed 520192K, used 12273K [0x0000000604c00000, 0x0000000800000000)
  region size 4096K, 3 young (12288K), 3 survivors (12288K)
 Metaspace       used 21147K, committed 21504K, reserved 1114112K
  class space    used 2804K, committed 3008K, reserved 1048576K
}
Event: 6.409 GC heap before
{Heap before GC invocations=4 (full 0):
 garbage-first heap   total reserved 8310784K, committed 57344K, used 32753K [0x0000000604c00000, 0x0000000800000000)
  region size 4096K, 8 young (32768K), 3 survivors (12288K)
 Metaspace       used 23319K, committed 23744K, reserved 1114112K
  class space    used 3140K, committed 3328K, reserved 1048576K
}
Event: 6.414 GC heap after
{Heap after GC invocations=5 (full 0):
 garbage-first heap   total reserved 8310784K, committed 57344K, used 13173K [0x0000000604c00000, 0x0000000800000000)
  region size 4096K, 1 young (4096K), 1 survivors (4096K)
 Metaspace       used 23319K, committed 23744K, reserved 1114112K
  class space    used 3140K, committed 3328K, reserved 1048576K
}
Event: 6.766 GC heap before
{Heap before GC invocations=5 (full 0):
 garbage-first heap   total reserved 8310784K, committed 57344K, used 41845K [0x0000000604c00000, 0x0000000800000000)
  region size 4096K, 8 young (32768K), 1 survivors (4096K)
 Metaspace       used 27018K, committed 27456K, reserved 1114112K
  class space    used 3970K, committed 4160K, reserved 1048576K
}
Event: 6.771 GC heap after
{Heap after GC invocations=6 (full 0):
 garbage-first heap   total reserved 8310784K, committed 57344K, used 16661K [0x0000000604c00000, 0x0000000800000000)
  region size 4096K, 1 young (4096K), 1 survivors (4096K)
 Metaspace       used 27018K, committed 27456K, reserved 1114112K
  class space    used 3970K, committed 4160K, reserved 1048576K
}
Event: 7.108 GC heap before
{Heap before GC invocations=6 (full 0):
 garbage-first heap   total reserved 8310784K, committed 57344K, used 41237K [0x0000000604c00000, 0x0000000800000000)
  region size 4096K, 7 young (28672K), 1 survivors (4096K)
 Metaspace       used 28124K, committed 28480K, reserved 1114112K
  class space    used 4117K, committed 4288K, reserved 1048576K
}
Event: 7.116 GC heap after
{Heap after GC invocations=7 (full 0):
 garbage-first heap   total reserved 8310784K, committed 57344K, used 24094K [0x0000000604c00000, 0x0000000800000000)
  region size 4096K, 1 young (4096K), 1 survivors (4096K)
 Metaspace       used 28124K, committed 28480K, reserved 1114112K
  class space    used 4117K, committed 4288K, reserved 1048576K
}
Event: 9.906 GC heap before
{Heap before GC invocations=7 (full 0):
 garbage-first heap   total reserved 8310784K, committed 57344K, used 40478K [0x0000000604c00000, 0x0000000800000000)
  region size 4096K, 6 young (24576K), 1 survivors (4096K)
 Metaspace       used 30133K, committed 30528K, reserved 1114112K
  class space    used 4290K, committed 4480K, reserved 1048576K
}
Event: 9.910 GC heap after
{Heap after GC invocations=8 (full 0):
 garbage-first heap   total reserved 8310784K, committed 57344K, used 31822K [0x0000000604c00000, 0x0000000800000000)
  region size 4096K, 1 young (4096K), 1 survivors (4096K)
 Metaspace       used 30133K, committed 30528K, reserved 1114112K
  class space    used 4290K, committed 4480K, reserved 1048576K
}

